[debug] [2023-04-25T18:32:01.632Z] ----------------------------------------------------------------------
[debug] [2023-04-25T18:32:01.634Z] Command:       C:\Program Files\nodejs\node.exe C:\Users\nevin\AppData\Roaming\npm\node_modules\firebase-tools\lib\bin\firebase.js init hosting
[debug] [2023-04-25T18:32:01.634Z] CLI Version:   11.28.0
[debug] [2023-04-25T18:32:01.634Z] Platform:      win32
[debug] [2023-04-25T18:32:01.634Z] Node Version:  v18.13.0
[debug] [2023-04-25T18:32:01.635Z] Time:          Tue Apr 25 2023 11:32:01 GMT-0700 (Mountain Standard Time)
[debug] [2023-04-25T18:32:01.635Z] ----------------------------------------------------------------------
[debug] 
[debug] [2023-04-25T18:32:01.638Z] >>> [apiv2][query] GET https://firebase-public.firebaseio.com/cli.json [none]
[debug] [2023-04-25T18:32:01.674Z] > command requires scopes: ["email","openid","https://www.googleapis.com/auth/cloudplatformprojects.readonly","https://www.googleapis.com/auth/firebase","https://www.googleapis.com/auth/cloud-platform"]
[debug] [2023-04-25T18:32:01.674Z] > authorizing via signed-in user (nevin.foster2@gmail.com)
[info] 
     ######## #### ########  ######## ########     ###     ######  ########
     ##        ##  ##     ## ##       ##     ##  ##   ##  ##       ##
     ######    ##  ########  ######   ########  #########  ######  ######
     ##        ##  ##    ##  ##       ##     ## ##     ##       ## ##
     ##       #### ##     ## ######## ########  ##     ##  ######  ########

You're about to initialize a Firebase project in this directory:

  C:\Users\nevin\Documents\versebot-pages

[debug] [2023-04-25T18:32:01.919Z] <<< [apiv2][status] GET https://firebase-public.firebaseio.com/cli.json 200
[debug] [2023-04-25T18:32:01.919Z] <<< [apiv2][body] GET https://firebase-public.firebaseio.com/cli.json {"cloudBuildErrorAfter":1594252800000,"cloudBuildWarnAfter":1590019200000,"defaultNode10After":1594252800000,"minVersion":"3.0.5","node8DeploysDisabledAfter":1613390400000,"node8RuntimeDisabledAfter":1615809600000,"node8WarnAfter":1600128000000}
